<?xml version="1.0" encoding="UTF-8"?>
<!-- Generated by org.testng.reporters.JUnitReportReporter -->
<testsuite hostname="Saurabhs-MacBook-Pro.local" failures="0" tests="1" name="test.TestExcelDriver" time="1.132" errors="0" timestamp="23 Feb 2022 08:21:54 GMT" skipped="0">
  <testcase classname="test.TestExcelDriver" name="tc1" time="1.132"/>
</testsuite> <!-- test.TestExcelDriver -->
