<?xml version="1.0" encoding="UTF-8"?>
<!-- Generated by org.testng.reporters.JUnitReportReporter -->
<testsuite skipped="0" hostname="DESKTOP-R0QK2O8" name="demoDesignPattern.AmazonHomePagePageFactoryTest" tests="1" failures="0" timestamp="19 Apr 2020 08:04:40 GMT" time="5.456" errors="0">
  <testcase name="searchProduct" time="5.456" classname="demoDesignPattern.AmazonHomePagePageFactoryTest"/>
</testsuite> <!-- demoDesignPattern.AmazonHomePagePageFactoryTest -->
