<?xml version="1.0" encoding="UTF-8"?>
<!-- Generated by org.testng.reporters.JUnitReportReporter -->
<testsuite skipped="0" hostname="DESKTOP-R0QK2O8" name="in.co.mercuryTravel.tests.MercuryTravelTestcases" tests="1" failures="0" timestamp="19 Apr 2020 14:20:00 GMT" time="8.542" errors="0">
  <testcase name="verifyUserLoginWithCorrectCredentials" time="8.542" classname="in.co.mercuryTravel.tests.MercuryTravelTestcases"/>
</testsuite> <!-- in.co.mercuryTravel.tests.MercuryTravelTestcases -->
