<?xml version="1.0" encoding="UTF-8"?>
<!-- Generated by org.testng.reporters.JUnitReportReporter -->
<testsuite hostname="Saurabhs-MacBook-Pro.local" failures="0" tests="1" name="test.TestExcelDriverUtil" time="1.074" errors="0" timestamp="23 Feb 2022 11:26:45 GMT" skipped="0">
  <testcase classname="test.TestExcelDriverUtil" name="verifyTestExcelDriverUtil" time="1.074"/>
</testsuite> <!-- test.TestExcelDriverUtil -->
